01-Mar-2021 10:09:47.437 INFO [main] org.apache.catalina.core.ApplicationContext.log SessionListener: contextDestroyed()
01-Mar-2021 10:09:47.437 INFO [main] org.apache.catalina.core.ApplicationContext.log ContextListener: contextDestroyed()
01-Mar-2021 10:09:47.440 INFO [main] org.apache.catalina.core.ApplicationContext.log Destroying Spring FrameworkServlet 'dispatcherServlet'
01-Mar-2021 10:09:47.440 INFO [main] org.apache.catalina.core.ApplicationContext.log Closing Spring root WebApplicationContext
01-Mar-2021 13:15:17.360 INFO [main] org.apache.catalina.core.ApplicationContext.log 2 Spring WebApplicationInitializers detected on classpath
01-Mar-2021 13:15:18.810 INFO [main] org.apache.catalina.core.ApplicationContext.log Initializing Spring embedded WebApplicationContext
01-Mar-2021 13:15:19.545 INFO [main] org.apache.catalina.core.ApplicationContext.log ContextListener: contextInitialized()
01-Mar-2021 13:15:19.545 INFO [main] org.apache.catalina.core.ApplicationContext.log SessionListener: contextInitialized()
01-Mar-2021 13:15:19.546 INFO [main] org.apache.catalina.core.ApplicationContext.log ContextListener: attributeAdded('StockTicker', 'async.Stockticker@1232a981')
01-Mar-2021 13:15:25.142 INFO [http-nio-8080-exec-7] org.apache.catalina.core.ApplicationContext.log Initializing Spring DispatcherServlet 'dispatcherServlet'
01-Mar-2021 13:34:49.168 INFO [main] org.apache.catalina.core.ApplicationContext.log SessionListener: contextDestroyed()
01-Mar-2021 13:34:49.168 INFO [main] org.apache.catalina.core.ApplicationContext.log ContextListener: contextDestroyed()
01-Mar-2021 13:34:49.171 INFO [main] org.apache.catalina.core.ApplicationContext.log Destroying Spring FrameworkServlet 'dispatcherServlet'
01-Mar-2021 13:34:49.172 INFO [main] org.apache.catalina.core.ApplicationContext.log Closing Spring root WebApplicationContext
01-Mar-2021 13:45:59.981 INFO [main] org.apache.catalina.core.ApplicationContext.log 2 Spring WebApplicationInitializers detected on classpath
01-Mar-2021 13:46:01.280 INFO [main] org.apache.catalina.core.ApplicationContext.log Initializing Spring embedded WebApplicationContext
01-Mar-2021 13:46:01.943 INFO [main] org.apache.catalina.core.ApplicationContext.log ContextListener: contextInitialized()
01-Mar-2021 13:46:01.943 INFO [main] org.apache.catalina.core.ApplicationContext.log SessionListener: contextInitialized()
01-Mar-2021 13:46:01.944 INFO [main] org.apache.catalina.core.ApplicationContext.log ContextListener: attributeAdded('StockTicker', 'async.Stockticker@1fe2da60')
01-Mar-2021 13:46:13.346 INFO [http-nio-8080-exec-8] org.apache.catalina.core.ApplicationContext.log Initializing Spring DispatcherServlet 'dispatcherServlet'
01-Mar-2021 13:47:05.140 INFO [main] org.apache.catalina.core.ApplicationContext.log SessionListener: contextDestroyed()
01-Mar-2021 13:47:05.140 INFO [main] org.apache.catalina.core.ApplicationContext.log ContextListener: contextDestroyed()
01-Mar-2021 13:47:05.142 INFO [main] org.apache.catalina.core.ApplicationContext.log Destroying Spring FrameworkServlet 'dispatcherServlet'
01-Mar-2021 13:47:05.143 INFO [main] org.apache.catalina.core.ApplicationContext.log Closing Spring root WebApplicationContext
01-Mar-2021 13:47:08.433 INFO [main] org.apache.catalina.core.ApplicationContext.log 2 Spring WebApplicationInitializers detected on classpath
01-Mar-2021 13:47:09.713 INFO [main] org.apache.catalina.core.ApplicationContext.log Initializing Spring embedded WebApplicationContext
01-Mar-2021 13:47:10.359 INFO [main] org.apache.catalina.core.ApplicationContext.log ContextListener: contextInitialized()
01-Mar-2021 13:47:10.359 INFO [main] org.apache.catalina.core.ApplicationContext.log SessionListener: contextInitialized()
01-Mar-2021 13:47:10.360 INFO [main] org.apache.catalina.core.ApplicationContext.log ContextListener: attributeAdded('StockTicker', 'async.Stockticker@2e4752cc')
01-Mar-2021 13:47:13.805 INFO [http-nio-8080-exec-4] org.apache.catalina.core.ApplicationContext.log Initializing Spring DispatcherServlet 'dispatcherServlet'
01-Mar-2021 13:48:51.671 INFO [main] org.apache.catalina.core.ApplicationContext.log SessionListener: contextDestroyed()
01-Mar-2021 13:48:51.671 INFO [main] org.apache.catalina.core.ApplicationContext.log ContextListener: contextDestroyed()
01-Mar-2021 13:48:51.675 INFO [main] org.apache.catalina.core.ApplicationContext.log Destroying Spring FrameworkServlet 'dispatcherServlet'
01-Mar-2021 13:48:51.675 INFO [main] org.apache.catalina.core.ApplicationContext.log Closing Spring root WebApplicationContext
01-Mar-2021 15:25:57.096 INFO [main] org.apache.catalina.core.ApplicationContext.log ContextListener: contextInitialized()
01-Mar-2021 15:25:57.096 INFO [main] org.apache.catalina.core.ApplicationContext.log SessionListener: contextInitialized()
01-Mar-2021 15:25:57.097 INFO [main] org.apache.catalina.core.ApplicationContext.log ContextListener: attributeAdded('StockTicker', 'async.Stockticker@24528a25')
01-Mar-2021 15:26:30.591 INFO [http-nio-8080-exec-6] org.apache.catalina.core.ApplicationContext.log 2 Spring WebApplicationInitializers detected on classpath
01-Mar-2021 15:26:31.853 INFO [http-nio-8080-exec-6] org.apache.catalina.core.ApplicationContext.log Initializing Spring embedded WebApplicationContext
01-Mar-2021 15:29:49.671 INFO [http-nio-8080-exec-6] org.apache.catalina.core.ApplicationContext.log Initializing Spring DispatcherServlet 'dispatcherServlet'
01-Mar-2021 15:31:52.534 INFO [main] org.apache.catalina.core.ApplicationContext.log SessionListener: contextDestroyed()
01-Mar-2021 15:31:52.534 INFO [main] org.apache.catalina.core.ApplicationContext.log ContextListener: contextDestroyed()
01-Mar-2021 15:31:52.538 INFO [main] org.apache.catalina.core.ApplicationContext.log Destroying Spring FrameworkServlet 'dispatcherServlet'
01-Mar-2021 15:31:52.539 INFO [main] org.apache.catalina.core.ApplicationContext.log Closing Spring root WebApplicationContext
01-Mar-2021 15:40:52.790 INFO [main] org.apache.catalina.core.ApplicationContext.log 2 Spring WebApplicationInitializers detected on classpath
01-Mar-2021 15:40:55.148 INFO [main] org.apache.catalina.core.ApplicationContext.log Initializing Spring embedded WebApplicationContext
01-Mar-2021 15:40:56.067 INFO [main] org.apache.catalina.core.ApplicationContext.log ContextListener: contextInitialized()
01-Mar-2021 15:40:56.067 INFO [main] org.apache.catalina.core.ApplicationContext.log SessionListener: contextInitialized()
01-Mar-2021 15:40:56.068 INFO [main] org.apache.catalina.core.ApplicationContext.log ContextListener: attributeAdded('StockTicker', 'async.Stockticker@239462d2')
01-Mar-2021 15:41:11.287 INFO [http-nio-8080-exec-7] org.apache.catalina.core.ApplicationContext.log Initializing Spring DispatcherServlet 'dispatcherServlet'
01-Mar-2021 15:52:37.478 INFO [Catalina-utility-2] org.apache.catalina.core.ApplicationContext.log SessionListener: contextDestroyed()
01-Mar-2021 15:52:37.478 INFO [Catalina-utility-2] org.apache.catalina.core.ApplicationContext.log ContextListener: contextDestroyed()
01-Mar-2021 15:52:37.988 INFO [Catalina-utility-2] org.apache.catalina.core.ApplicationContext.log Destroying Spring FrameworkServlet 'dispatcherServlet'
01-Mar-2021 15:52:37.988 INFO [Catalina-utility-2] org.apache.catalina.core.ApplicationContext.log Closing Spring root WebApplicationContext
01-Mar-2021 15:52:37.994 SEVERE [Catalina-utility-2] org.apache.catalina.core.StandardContext.listenerStop Exception sending context destroyed event to listener instance of class [org.springframework.boot.web.servlet.support.SpringBootServletInitializer$1]
	java.lang.IllegalStateException: java.io.IOException: java.lang.reflect.InvocationTargetException
		at org.apache.catalina.webresources.AbstractSingleArchiveResourceSet.getArchiveEntry(AbstractSingleArchiveResourceSet.java:101)
		at org.apache.catalina.webresources.AbstractArchiveResourceSet.getResource(AbstractArchiveResourceSet.java:263)
		at org.apache.catalina.webresources.StandardRoot.getResourceInternal(StandardRoot.java:281)
		at org.apache.catalina.webresources.Cache.getResource(Cache.java:62)
		at org.apache.catalina.webresources.StandardRoot.getResource(StandardRoot.java:216)
		at org.apache.catalina.webresources.StandardRoot.getClassLoaderResource(StandardRoot.java:225)
		at org.apache.catalina.loader.WebappClassLoaderBase.findClassInternal(WebappClassLoaderBase.java:2316)
		at org.apache.catalina.loader.WebappClassLoaderBase.findClass(WebappClassLoaderBase.java:864)
		at org.apache.catalina.loader.WebappClassLoaderBase.loadClass(WebappClassLoaderBase.java:1333)
		at org.apache.catalina.loader.WebappClassLoaderBase.loadClass(WebappClassLoaderBase.java:1187)
		at org.springframework.web.context.ContextLoaderListener.contextDestroyed(ContextLoaderListener.java:113)
		at org.apache.catalina.core.StandardContext.listenerStop(StandardContext.java:4760)
		at org.apache.catalina.core.StandardContext.stopInternal(StandardContext.java:5433)
		at org.apache.catalina.util.LifecycleBase.stop(LifecycleBase.java:257)
		at org.apache.catalina.core.ContainerBase.removeChild(ContainerBase.java:805)
		at org.apache.catalina.startup.HostConfig.undeploy(HostConfig.java:1369)
		at org.apache.catalina.startup.HostConfig.checkResources(HostConfig.java:1296)
		at org.apache.catalina.startup.HostConfig.check(HostConfig.java:1555)
		at org.apache.catalina.startup.HostConfig.lifecycleEvent(HostConfig.java:305)
		at org.apache.catalina.util.LifecycleBase.fireLifecycleEvent(LifecycleBase.java:123)
		at org.apache.catalina.core.ContainerBase.backgroundProcess(ContainerBase.java:1151)
		at org.apache.catalina.core.ContainerBase$ContainerBackgroundProcessor.processChildren(ContainerBase.java:1353)
		at org.apache.catalina.core.ContainerBase$ContainerBackgroundProcessor.processChildren(ContainerBase.java:1357)
		at org.apache.catalina.core.ContainerBase$ContainerBackgroundProcessor.run(ContainerBase.java:1335)
		at java.base/java.util.concurrent.Executors$RunnableAdapter.call(Executors.java:515)
		at java.base/java.util.concurrent.FutureTask.runAndReset(FutureTask.java:305)
		at java.base/java.util.concurrent.ScheduledThreadPoolExecutor$ScheduledFutureTask.run(ScheduledThreadPoolExecutor.java:305)
		at java.base/java.util.concurrent.ThreadPoolExecutor.runWorker(ThreadPoolExecutor.java:1128)
		at java.base/java.util.concurrent.ThreadPoolExecutor$Worker.run(ThreadPoolExecutor.java:628)
		at org.apache.tomcat.util.threads.TaskThread$WrappingRunnable.run(TaskThread.java:61)
		at java.base/java.lang.Thread.run(Thread.java:834)
	Caused by: java.io.IOException: java.lang.reflect.InvocationTargetException
		at org.apache.tomcat.util.compat.Jre9Compat.jarFileNewInstance(Jre9Compat.java:209)
		at org.apache.tomcat.util.compat.JreCompat.jarFileNewInstance(JreCompat.java:226)
		at org.apache.catalina.webresources.AbstractArchiveResourceSet.openJarFile(AbstractArchiveResourceSet.java:314)
		at org.apache.catalina.webresources.AbstractSingleArchiveResourceSet.getArchiveEntry(AbstractSingleArchiveResourceSet.java:97)
		... 30 more
	Caused by: java.lang.reflect.InvocationTargetException
		at java.base/jdk.internal.reflect.GeneratedConstructorAccessor7.newInstance(Unknown Source)
		at java.base/jdk.internal.reflect.DelegatingConstructorAccessorImpl.newInstance(DelegatingConstructorAccessorImpl.java:45)
		at java.base/java.lang.reflect.Constructor.newInstance(Constructor.java:490)
		at org.apache.tomcat.util.compat.Jre9Compat.jarFileNewInstance(Jre9Compat.java:206)
		... 33 more
	Caused by: java.nio.file.NoSuchFileException: /Users/ashpayal/Documents/sapient/apache-tomcat-9.0.43/webapps/trailblazer-webservice/WEB-INF/lib/poi-ooxml-schemas-4.1.2.jar
		at java.base/sun.nio.fs.UnixException.translateToIOException(UnixException.java:92)
		at java.base/sun.nio.fs.UnixException.rethrowAsIOException(UnixException.java:111)
		at java.base/sun.nio.fs.UnixException.rethrowAsIOException(UnixException.java:116)
		at java.base/sun.nio.fs.UnixFileAttributeViews$Basic.readAttributes(UnixFileAttributeViews.java:55)
		at java.base/sun.nio.fs.UnixFileSystemProvider.readAttributes(UnixFileSystemProvider.java:149)
		at java.base/java.nio.file.Files.readAttributes(Files.java:1764)
		at java.base/java.util.zip.ZipFile$Source.get(ZipFile.java:1231)
		at java.base/java.util.zip.ZipFile$CleanableResource.<init>(ZipFile.java:732)
		at java.base/java.util.zip.ZipFile$CleanableResource.get(ZipFile.java:841)
		at java.base/java.util.zip.ZipFile.<init>(ZipFile.java:247)
		at java.base/java.util.zip.ZipFile.<init>(ZipFile.java:177)
		at java.base/java.util.jar.JarFile.<init>(JarFile.java:348)
		... 37 more
01-Mar-2021 15:53:31.986 INFO [Catalina-utility-1] org.apache.catalina.core.ApplicationContext.log 2 Spring WebApplicationInitializers detected on classpath
01-Mar-2021 15:53:33.243 INFO [Catalina-utility-1] org.apache.catalina.core.ApplicationContext.log Initializing Spring embedded WebApplicationContext
01-Mar-2021 15:53:33.838 INFO [Catalina-utility-1] org.apache.catalina.core.ApplicationContext.log ContextListener: contextInitialized()
01-Mar-2021 15:53:33.838 INFO [Catalina-utility-1] org.apache.catalina.core.ApplicationContext.log SessionListener: contextInitialized()
01-Mar-2021 15:53:33.839 INFO [Catalina-utility-1] org.apache.catalina.core.ApplicationContext.log ContextListener: attributeAdded('StockTicker', 'async.Stockticker@3c4d782a')
01-Mar-2021 15:53:48.974 INFO [http-nio-8080-exec-7] org.apache.catalina.core.ApplicationContext.log Initializing Spring DispatcherServlet 'dispatcherServlet'
01-Mar-2021 16:11:16.977 INFO [main] org.apache.catalina.core.ApplicationContext.log 2 Spring WebApplicationInitializers detected on classpath
01-Mar-2021 16:11:18.245 INFO [main] org.apache.catalina.core.ApplicationContext.log Initializing Spring embedded WebApplicationContext
01-Mar-2021 16:11:18.955 INFO [main] org.apache.catalina.core.ApplicationContext.log ContextListener: contextInitialized()
01-Mar-2021 16:11:18.956 INFO [main] org.apache.catalina.core.ApplicationContext.log SessionListener: contextInitialized()
01-Mar-2021 16:11:18.956 INFO [main] org.apache.catalina.core.ApplicationContext.log ContextListener: attributeAdded('StockTicker', 'async.Stockticker@4cecbf3e')
01-Mar-2021 16:11:19.013 INFO [main] org.apache.catalina.core.ApplicationContext.log SessionListener: contextDestroyed()
01-Mar-2021 16:11:19.013 INFO [main] org.apache.catalina.core.ApplicationContext.log ContextListener: contextDestroyed()
01-Mar-2021 16:11:19.015 INFO [main] org.apache.catalina.core.ApplicationContext.log Closing Spring root WebApplicationContext
01-Mar-2021 18:49:02.220 INFO [main] org.apache.catalina.core.ApplicationContext.log SessionListener: contextDestroyed()
01-Mar-2021 18:49:02.221 INFO [main] org.apache.catalina.core.ApplicationContext.log ContextListener: contextDestroyed()
01-Mar-2021 18:49:02.223 INFO [main] org.apache.catalina.core.ApplicationContext.log Destroying Spring FrameworkServlet 'dispatcherServlet'
01-Mar-2021 18:49:02.224 INFO [main] org.apache.catalina.core.ApplicationContext.log Closing Spring root WebApplicationContext
01-Mar-2021 21:51:25.494 INFO [main] org.apache.catalina.core.ApplicationContext.log 2 Spring WebApplicationInitializers detected on classpath
01-Mar-2021 21:51:26.903 INFO [main] org.apache.catalina.core.ApplicationContext.log Initializing Spring embedded WebApplicationContext
01-Mar-2021 21:51:27.581 INFO [main] org.apache.catalina.core.ApplicationContext.log ContextListener: contextInitialized()
01-Mar-2021 21:51:27.581 INFO [main] org.apache.catalina.core.ApplicationContext.log SessionListener: contextInitialized()
01-Mar-2021 21:51:27.582 INFO [main] org.apache.catalina.core.ApplicationContext.log ContextListener: attributeAdded('StockTicker', 'async.Stockticker@3b3bd5fe')
01-Mar-2021 21:51:33.541 INFO [http-nio-8080-exec-6] org.apache.catalina.core.ApplicationContext.log Initializing Spring DispatcherServlet 'dispatcherServlet'
01-Mar-2021 21:54:45.157 INFO [main] org.apache.catalina.core.ApplicationContext.log SessionListener: contextDestroyed()
01-Mar-2021 21:54:45.157 INFO [main] org.apache.catalina.core.ApplicationContext.log ContextListener: contextDestroyed()
01-Mar-2021 21:54:45.159 INFO [main] org.apache.catalina.core.ApplicationContext.log Destroying Spring FrameworkServlet 'dispatcherServlet'
01-Mar-2021 21:54:45.159 INFO [main] org.apache.catalina.core.ApplicationContext.log Closing Spring root WebApplicationContext
01-Mar-2021 21:57:12.368 INFO [main] org.apache.catalina.core.ApplicationContext.log 2 Spring WebApplicationInitializers detected on classpath
01-Mar-2021 21:57:13.808 INFO [main] org.apache.catalina.core.ApplicationContext.log Initializing Spring embedded WebApplicationContext
01-Mar-2021 21:57:14.483 INFO [main] org.apache.catalina.core.ApplicationContext.log ContextListener: contextInitialized()
01-Mar-2021 21:57:14.483 INFO [main] org.apache.catalina.core.ApplicationContext.log SessionListener: contextInitialized()
01-Mar-2021 21:57:14.484 INFO [main] org.apache.catalina.core.ApplicationContext.log ContextListener: attributeAdded('StockTicker', 'async.Stockticker@67d85d5f')
01-Mar-2021 21:57:21.638 INFO [http-nio-8080-exec-7] org.apache.catalina.core.ApplicationContext.log Initializing Spring DispatcherServlet 'dispatcherServlet'
01-Mar-2021 22:00:55.355 INFO [main] org.apache.catalina.core.ApplicationContext.log SessionListener: contextDestroyed()
01-Mar-2021 22:00:55.355 INFO [main] org.apache.catalina.core.ApplicationContext.log ContextListener: contextDestroyed()
01-Mar-2021 22:00:55.357 INFO [main] org.apache.catalina.core.ApplicationContext.log Destroying Spring FrameworkServlet 'dispatcherServlet'
01-Mar-2021 22:00:55.358 INFO [main] org.apache.catalina.core.ApplicationContext.log Closing Spring root WebApplicationContext
01-Mar-2021 22:00:59.531 INFO [main] org.apache.catalina.core.ApplicationContext.log 2 Spring WebApplicationInitializers detected on classpath
01-Mar-2021 22:01:00.850 INFO [main] org.apache.catalina.core.ApplicationContext.log Initializing Spring embedded WebApplicationContext
01-Mar-2021 22:01:01.491 INFO [main] org.apache.catalina.core.ApplicationContext.log ContextListener: contextInitialized()
01-Mar-2021 22:01:01.491 INFO [main] org.apache.catalina.core.ApplicationContext.log SessionListener: contextInitialized()
01-Mar-2021 22:01:01.492 INFO [main] org.apache.catalina.core.ApplicationContext.log ContextListener: attributeAdded('StockTicker', 'async.Stockticker@1f406a62')
01-Mar-2021 22:01:05.007 INFO [http-nio-8080-exec-5] org.apache.catalina.core.ApplicationContext.log Initializing Spring DispatcherServlet 'dispatcherServlet'
