28-Feb-2021 14:56:41.585 INFO [main] org.apache.catalina.core.ApplicationContext.log 2 Spring WebApplicationInitializers detected on classpath
28-Feb-2021 14:56:42.656 INFO [main] org.apache.catalina.core.ApplicationContext.log Initializing Spring embedded WebApplicationContext
28-Feb-2021 14:56:43.233 INFO [main] org.apache.catalina.core.ApplicationContext.log ContextListener: contextInitialized()
28-Feb-2021 14:56:43.233 INFO [main] org.apache.catalina.core.ApplicationContext.log SessionListener: contextInitialized()
28-Feb-2021 14:56:43.234 INFO [main] org.apache.catalina.core.ApplicationContext.log ContextListener: attributeAdded('StockTicker', 'async.Stockticker@b51afb2')
28-Feb-2021 15:32:46.064 INFO [main] org.apache.catalina.core.ApplicationContext.log SessionListener: contextDestroyed()
28-Feb-2021 15:32:46.064 INFO [main] org.apache.catalina.core.ApplicationContext.log ContextListener: contextDestroyed()
28-Feb-2021 15:32:46.066 INFO [main] org.apache.catalina.core.ApplicationContext.log Closing Spring root WebApplicationContext
28-Feb-2021 15:32:50.279 INFO [main] org.apache.catalina.core.ApplicationContext.log 2 Spring WebApplicationInitializers detected on classpath
28-Feb-2021 15:32:51.640 INFO [main] org.apache.catalina.core.ApplicationContext.log Initializing Spring embedded WebApplicationContext
28-Feb-2021 15:32:52.411 INFO [main] org.apache.catalina.core.ApplicationContext.log ContextListener: contextInitialized()
28-Feb-2021 15:32:52.411 INFO [main] org.apache.catalina.core.ApplicationContext.log SessionListener: contextInitialized()
28-Feb-2021 15:32:52.412 INFO [main] org.apache.catalina.core.ApplicationContext.log ContextListener: attributeAdded('StockTicker', 'async.Stockticker@2ac4079f')
28-Feb-2021 15:35:14.230 INFO [main] org.apache.catalina.core.ApplicationContext.log SessionListener: contextDestroyed()
28-Feb-2021 15:35:14.230 INFO [main] org.apache.catalina.core.ApplicationContext.log ContextListener: contextDestroyed()
28-Feb-2021 15:35:14.232 INFO [main] org.apache.catalina.core.ApplicationContext.log Closing Spring root WebApplicationContext
28-Feb-2021 15:35:24.154 INFO [main] org.apache.catalina.core.ApplicationContext.log 2 Spring WebApplicationInitializers detected on classpath
28-Feb-2021 15:35:25.291 INFO [main] org.apache.catalina.core.ApplicationContext.log Initializing Spring embedded WebApplicationContext
28-Feb-2021 15:35:25.947 INFO [main] org.apache.catalina.core.ApplicationContext.log ContextListener: contextInitialized()
28-Feb-2021 15:35:25.947 INFO [main] org.apache.catalina.core.ApplicationContext.log SessionListener: contextInitialized()
28-Feb-2021 15:35:25.948 INFO [main] org.apache.catalina.core.ApplicationContext.log ContextListener: attributeAdded('StockTicker', 'async.Stockticker@1e9bc8')
28-Feb-2021 15:52:22.935 INFO [main] org.apache.catalina.core.ApplicationContext.log SessionListener: contextDestroyed()
28-Feb-2021 15:52:22.935 INFO [main] org.apache.catalina.core.ApplicationContext.log ContextListener: contextDestroyed()
28-Feb-2021 15:52:22.937 INFO [main] org.apache.catalina.core.ApplicationContext.log Closing Spring root WebApplicationContext
28-Feb-2021 15:52:26.976 INFO [main] org.apache.catalina.core.ApplicationContext.log 2 Spring WebApplicationInitializers detected on classpath
28-Feb-2021 15:52:28.132 INFO [main] org.apache.catalina.core.ApplicationContext.log Initializing Spring embedded WebApplicationContext
28-Feb-2021 15:52:28.797 INFO [main] org.apache.catalina.core.ApplicationContext.log ContextListener: contextInitialized()
28-Feb-2021 15:52:28.797 INFO [main] org.apache.catalina.core.ApplicationContext.log SessionListener: contextInitialized()
28-Feb-2021 15:52:28.798 INFO [main] org.apache.catalina.core.ApplicationContext.log ContextListener: attributeAdded('StockTicker', 'async.Stockticker@65a610f7')
28-Feb-2021 15:58:22.082 INFO [main] org.apache.catalina.core.ApplicationContext.log SessionListener: contextDestroyed()
28-Feb-2021 15:58:22.082 INFO [main] org.apache.catalina.core.ApplicationContext.log ContextListener: contextDestroyed()
28-Feb-2021 15:58:22.084 INFO [main] org.apache.catalina.core.ApplicationContext.log Closing Spring root WebApplicationContext
28-Feb-2021 16:19:09.419 INFO [main] org.apache.catalina.core.ApplicationContext.log 2 Spring WebApplicationInitializers detected on classpath
28-Feb-2021 16:19:10.798 INFO [main] org.apache.catalina.core.ApplicationContext.log Initializing Spring embedded WebApplicationContext
28-Feb-2021 16:19:11.453 INFO [main] org.apache.catalina.core.ApplicationContext.log ContextListener: contextInitialized()
28-Feb-2021 16:19:11.453 INFO [main] org.apache.catalina.core.ApplicationContext.log SessionListener: contextInitialized()
28-Feb-2021 16:19:11.454 INFO [main] org.apache.catalina.core.ApplicationContext.log ContextListener: attributeAdded('StockTicker', 'async.Stockticker@6a937d6f')
28-Feb-2021 16:20:57.298 INFO [main] org.apache.catalina.core.ApplicationContext.log SessionListener: contextDestroyed()
28-Feb-2021 16:20:57.299 INFO [main] org.apache.catalina.core.ApplicationContext.log ContextListener: contextDestroyed()
28-Feb-2021 16:20:57.301 INFO [main] org.apache.catalina.core.ApplicationContext.log Closing Spring root WebApplicationContext
28-Feb-2021 16:22:11.810 INFO [main] org.apache.catalina.core.ApplicationContext.log 2 Spring WebApplicationInitializers detected on classpath
28-Feb-2021 16:22:13.146 INFO [main] org.apache.catalina.core.ApplicationContext.log Initializing Spring embedded WebApplicationContext
28-Feb-2021 16:22:13.954 INFO [main] org.apache.catalina.core.ApplicationContext.log ContextListener: contextInitialized()
28-Feb-2021 16:22:13.954 INFO [main] org.apache.catalina.core.ApplicationContext.log SessionListener: contextInitialized()
28-Feb-2021 16:22:13.954 INFO [main] org.apache.catalina.core.ApplicationContext.log ContextListener: attributeAdded('StockTicker', 'async.Stockticker@5ea794d2')
28-Feb-2021 16:27:06.909 INFO [main] org.apache.catalina.core.ApplicationContext.log SessionListener: contextDestroyed()
28-Feb-2021 16:27:06.909 INFO [main] org.apache.catalina.core.ApplicationContext.log ContextListener: contextDestroyed()
28-Feb-2021 16:27:06.911 INFO [main] org.apache.catalina.core.ApplicationContext.log Closing Spring root WebApplicationContext
28-Feb-2021 16:29:08.373 INFO [main] org.apache.catalina.core.ApplicationContext.log 2 Spring WebApplicationInitializers detected on classpath
28-Feb-2021 16:29:09.696 INFO [main] org.apache.catalina.core.ApplicationContext.log Initializing Spring embedded WebApplicationContext
28-Feb-2021 16:29:10.424 INFO [main] org.apache.catalina.core.ApplicationContext.log ContextListener: contextInitialized()
28-Feb-2021 16:29:10.424 INFO [main] org.apache.catalina.core.ApplicationContext.log SessionListener: contextInitialized()
28-Feb-2021 16:29:10.425 INFO [main] org.apache.catalina.core.ApplicationContext.log ContextListener: attributeAdded('StockTicker', 'async.Stockticker@35a7c477')
28-Feb-2021 16:47:49.624 INFO [main] org.apache.catalina.core.ApplicationContext.log SessionListener: contextDestroyed()
28-Feb-2021 16:47:49.624 INFO [main] org.apache.catalina.core.ApplicationContext.log ContextListener: contextDestroyed()
28-Feb-2021 16:47:49.626 INFO [main] org.apache.catalina.core.ApplicationContext.log Closing Spring root WebApplicationContext
28-Feb-2021 17:06:11.623 INFO [main] org.apache.catalina.core.ApplicationContext.log 2 Spring WebApplicationInitializers detected on classpath
28-Feb-2021 17:06:12.923 INFO [main] org.apache.catalina.core.ApplicationContext.log Initializing Spring embedded WebApplicationContext
28-Feb-2021 17:06:13.672 INFO [main] org.apache.catalina.core.ApplicationContext.log ContextListener: contextInitialized()
28-Feb-2021 17:06:13.673 INFO [main] org.apache.catalina.core.ApplicationContext.log SessionListener: contextInitialized()
28-Feb-2021 17:06:13.674 INFO [main] org.apache.catalina.core.ApplicationContext.log ContextListener: attributeAdded('StockTicker', 'async.Stockticker@289bb421')
28-Feb-2021 17:07:52.374 INFO [main] org.apache.catalina.core.ApplicationContext.log SessionListener: contextDestroyed()
28-Feb-2021 17:07:52.374 INFO [main] org.apache.catalina.core.ApplicationContext.log ContextListener: contextDestroyed()
28-Feb-2021 17:07:52.376 INFO [main] org.apache.catalina.core.ApplicationContext.log Closing Spring root WebApplicationContext
28-Feb-2021 17:10:23.164 INFO [main] org.apache.catalina.core.ApplicationContext.log 2 Spring WebApplicationInitializers detected on classpath
28-Feb-2021 17:10:24.321 INFO [main] org.apache.catalina.core.ApplicationContext.log Initializing Spring embedded WebApplicationContext
28-Feb-2021 17:10:24.922 INFO [main] org.apache.catalina.core.ApplicationContext.log ContextListener: contextInitialized()
28-Feb-2021 17:10:24.922 INFO [main] org.apache.catalina.core.ApplicationContext.log SessionListener: contextInitialized()
28-Feb-2021 17:10:24.923 INFO [main] org.apache.catalina.core.ApplicationContext.log ContextListener: attributeAdded('StockTicker', 'async.Stockticker@12bc2b41')
28-Feb-2021 17:16:44.523 INFO [main] org.apache.catalina.core.ApplicationContext.log SessionListener: contextDestroyed()
28-Feb-2021 17:16:44.523 INFO [main] org.apache.catalina.core.ApplicationContext.log ContextListener: contextDestroyed()
28-Feb-2021 17:16:44.525 INFO [main] org.apache.catalina.core.ApplicationContext.log Closing Spring root WebApplicationContext
28-Feb-2021 17:16:48.090 INFO [main] org.apache.catalina.core.ApplicationContext.log 2 Spring WebApplicationInitializers detected on classpath
28-Feb-2021 17:16:49.513 INFO [main] org.apache.catalina.core.ApplicationContext.log Initializing Spring embedded WebApplicationContext
28-Feb-2021 17:16:50.125 INFO [main] org.apache.catalina.core.ApplicationContext.log ContextListener: contextInitialized()
28-Feb-2021 17:16:50.125 INFO [main] org.apache.catalina.core.ApplicationContext.log SessionListener: contextInitialized()
28-Feb-2021 17:16:50.126 INFO [main] org.apache.catalina.core.ApplicationContext.log ContextListener: attributeAdded('StockTicker', 'async.Stockticker@2fb800ca')
28-Feb-2021 17:19:14.640 INFO [main] org.apache.catalina.core.ApplicationContext.log SessionListener: contextDestroyed()
28-Feb-2021 17:19:14.640 INFO [main] org.apache.catalina.core.ApplicationContext.log ContextListener: contextDestroyed()
28-Feb-2021 17:19:14.642 INFO [main] org.apache.catalina.core.ApplicationContext.log Closing Spring root WebApplicationContext
28-Feb-2021 17:20:26.536 INFO [main] org.apache.catalina.core.ApplicationContext.log 2 Spring WebApplicationInitializers detected on classpath
28-Feb-2021 17:20:27.969 INFO [main] org.apache.catalina.core.ApplicationContext.log Initializing Spring embedded WebApplicationContext
28-Feb-2021 17:20:28.639 INFO [main] org.apache.catalina.core.ApplicationContext.log ContextListener: contextInitialized()
28-Feb-2021 17:20:28.639 INFO [main] org.apache.catalina.core.ApplicationContext.log SessionListener: contextInitialized()
28-Feb-2021 17:20:28.640 INFO [main] org.apache.catalina.core.ApplicationContext.log ContextListener: attributeAdded('StockTicker', 'async.Stockticker@43af513c')
28-Feb-2021 17:23:59.573 INFO [main] org.apache.catalina.core.ApplicationContext.log SessionListener: contextDestroyed()
28-Feb-2021 17:23:59.573 INFO [main] org.apache.catalina.core.ApplicationContext.log ContextListener: contextDestroyed()
28-Feb-2021 17:23:59.575 INFO [main] org.apache.catalina.core.ApplicationContext.log Closing Spring root WebApplicationContext
28-Feb-2021 17:24:34.930 INFO [main] org.apache.catalina.core.ApplicationContext.log 2 Spring WebApplicationInitializers detected on classpath
28-Feb-2021 17:24:36.445 INFO [main] org.apache.catalina.core.ApplicationContext.log Initializing Spring embedded WebApplicationContext
28-Feb-2021 17:24:37.118 INFO [main] org.apache.catalina.core.ApplicationContext.log ContextListener: contextInitialized()
28-Feb-2021 17:24:37.119 INFO [main] org.apache.catalina.core.ApplicationContext.log SessionListener: contextInitialized()
28-Feb-2021 17:24:37.119 INFO [main] org.apache.catalina.core.ApplicationContext.log ContextListener: attributeAdded('StockTicker', 'async.Stockticker@4452b545')
28-Feb-2021 17:24:47.602 INFO [http-nio-8080-exec-4] org.apache.catalina.core.ApplicationContext.log Initializing Spring DispatcherServlet 'dispatcherServlet'
28-Feb-2021 19:18:22.953 INFO [main] org.apache.catalina.core.ApplicationContext.log SessionListener: contextDestroyed()
28-Feb-2021 19:18:22.953 INFO [main] org.apache.catalina.core.ApplicationContext.log ContextListener: contextDestroyed()
28-Feb-2021 19:18:22.956 INFO [main] org.apache.catalina.core.ApplicationContext.log Destroying Spring FrameworkServlet 'dispatcherServlet'
28-Feb-2021 19:18:22.957 INFO [main] org.apache.catalina.core.ApplicationContext.log Closing Spring root WebApplicationContext
28-Feb-2021 19:38:10.285 INFO [main] org.apache.catalina.core.ApplicationContext.log 2 Spring WebApplicationInitializers detected on classpath
28-Feb-2021 19:38:11.494 INFO [main] org.apache.catalina.core.ApplicationContext.log Initializing Spring embedded WebApplicationContext
28-Feb-2021 19:38:12.212 INFO [main] org.apache.catalina.core.ApplicationContext.log ContextListener: contextInitialized()
28-Feb-2021 19:38:12.212 INFO [main] org.apache.catalina.core.ApplicationContext.log SessionListener: contextInitialized()
28-Feb-2021 19:38:12.212 INFO [main] org.apache.catalina.core.ApplicationContext.log ContextListener: attributeAdded('StockTicker', 'async.Stockticker@781ce680')
28-Feb-2021 19:41:26.090 INFO [http-nio-8080-exec-2] org.apache.catalina.core.ApplicationContext.log Initializing Spring DispatcherServlet 'dispatcherServlet'
28-Feb-2021 20:10:02.137 INFO [main] org.apache.catalina.core.ApplicationContext.log SessionListener: contextDestroyed()
28-Feb-2021 20:10:02.137 INFO [main] org.apache.catalina.core.ApplicationContext.log ContextListener: contextDestroyed()
28-Feb-2021 20:10:02.139 INFO [main] org.apache.catalina.core.ApplicationContext.log Destroying Spring FrameworkServlet 'dispatcherServlet'
28-Feb-2021 20:10:02.140 INFO [main] org.apache.catalina.core.ApplicationContext.log Closing Spring root WebApplicationContext
28-Feb-2021 20:10:06.351 INFO [main] org.apache.catalina.core.ApplicationContext.log 2 Spring WebApplicationInitializers detected on classpath
28-Feb-2021 20:10:07.616 INFO [main] org.apache.catalina.core.ApplicationContext.log Initializing Spring embedded WebApplicationContext
28-Feb-2021 20:10:08.371 INFO [main] org.apache.catalina.core.ApplicationContext.log ContextListener: contextInitialized()
28-Feb-2021 20:10:08.371 INFO [main] org.apache.catalina.core.ApplicationContext.log SessionListener: contextInitialized()
28-Feb-2021 20:10:08.373 INFO [main] org.apache.catalina.core.ApplicationContext.log ContextListener: attributeAdded('StockTicker', 'async.Stockticker@3324f7fb')
28-Feb-2021 20:10:25.722 INFO [http-nio-8080-exec-7] org.apache.catalina.core.ApplicationContext.log Initializing Spring DispatcherServlet 'dispatcherServlet'
